<?xml version="1.0" encoding="utf-8"?><testsuites name="pytest tests"><testsuite name="pytest" errors="0" failures="0" skipped="0" tests="11" time="4.525" timestamp="2026-03-26T13:57:01.716993+00:00" hostname="agent-env-905f13d3-ce96-485e-8400-12b2984dab01"><testcase classname="tests.test_multi_meal_slots.TestMultiMealSlots" name="test_get_mealplan_returns_arrays" time="0.425" /><testcase classname="tests.test_multi_meal_slots.TestMultiMealSlots" name="test_save_single_meal_in_slot" time="0.403" /><testcase classname="tests.test_multi_meal_slots.TestMultiMealSlots" name="test_save_multiple_meals_in_slot" time="0.387" /><testcase classname="tests.test_multi_meal_slots.TestMultiMealSlots" name="test_meal_with_side_dishes" time="0.365" /><testcase classname="tests.test_multi_meal_slots.TestMultiMealSlots" name="test_shopping_list_aggregates_multi_meals" time="0.424" /><testcase classname="tests.test_multi_meal_slots.TestMultiMealSlots" name="test_assigned_to_field_persists" time="0.451" /><testcase classname="tests.test_multi_meal_slots.TestMultiMealSlots" name="test_clear_all_meals_from_slot" time="0.442" /><testcase classname="tests.test_multi_meal_slots.TestMultiMealSlots" name="test_update_individual_meal_portions" time="0.447" /><testcase classname="tests.test_multi_meal_slots.TestMultiMealSlots" name="test_remove_individual_meal_from_slot" time="0.396" /><testcase classname="tests.test_multi_meal_slots.TestBackwardCompatibility" name="test_existing_mealplan_normalized_to_arrays" time="0.189" /><testcase classname="tests.test_multi_meal_slots.TestGroupMembersEndpoint" name="test_groups_my_endpoint_exists" time="0.513" /></testsuite></testsuites>