<?xml version="1.0" encoding="utf-8"?><testsuites name="pytest tests"><testsuite name="pytest" errors="0" failures="0" skipped="0" tests="10" time="2.771" timestamp="2026-03-25T11:23:04.723782+00:00" hostname="agent-env-44435529-48f6-4cf0-ac15-7a529004057b"><testcase classname="backend.tests.test_image_upload.TestImageUploadEndpoints" name="test_get_recipe_returns_images_array" time="0.154" /><testcase classname="backend.tests.test_image_upload.TestImageUploadEndpoints" name="test_get_recipe_without_image_returns_empty_array" time="0.108" /><testcase classname="backend.tests.test_image_upload.TestImageUploadEndpoints" name="test_upload_image_success" time="0.429" /><testcase classname="backend.tests.test_image_upload.TestImageUploadEndpoints" name="test_serve_uploaded_image" time="0.251" /><testcase classname="backend.tests.test_image_upload.TestImageUploadEndpoints" name="test_upload_invalid_file_type_rejected" time="0.114" /><testcase classname="backend.tests.test_image_upload.TestImageUploadEndpoints" name="test_upload_sets_image_url_if_null" time="0.390" /><testcase classname="backend.tests.test_image_upload.TestImageUploadEndpoints" name="test_delete_image_success" time="0.200" /><testcase classname="backend.tests.test_image_upload.TestImageUploadEndpoints" name="test_delete_current_image_url_falls_back" time="0.712" /><testcase classname="backend.tests.test_image_upload.TestRecipeListImageResolution" name="test_recipes_list_contains_image_urls" time="0.143" /><testcase classname="backend.tests.test_image_upload.TestCleanup" name="test_cleanup_test_images" time="0.202" /></testsuite></testsuites>