<?xml version="1.0" encoding="utf-8"?><testsuites name="pytest tests"><testsuite name="pytest" errors="0" failures="0" skipped="0" tests="8" time="2.304" timestamp="2026-03-24T10:54:45.515616+00:00" hostname="agent-env-44435529-48f6-4cf0-ac15-7a529004057b"><testcase classname="backend.tests.test_mealplan_sidedishes.TestMealPlanSideDishes" name="test_01_get_existing_mealplan_with_sidedishes" time="0.355" /><testcase classname="backend.tests.test_mealplan_sidedishes.TestMealPlanSideDishes" name="test_02_save_mealplan_with_sidedishes" time="0.214" /><testcase classname="backend.tests.test_mealplan_sidedishes.TestMealPlanSideDishes" name="test_03_verify_sidedishes_persisted_after_reload" time="0.192" /><testcase classname="backend.tests.test_mealplan_sidedishes.TestMealPlanSideDishes" name="test_04_update_sidedish_portions" time="0.310" /><testcase classname="backend.tests.test_mealplan_sidedishes.TestMealPlanSideDishes" name="test_05_remove_sidedish" time="0.299" /><testcase classname="backend.tests.test_mealplan_sidedishes.TestMealPlanSideDishes" name="test_06_shopping_list_includes_sidedish_ingredients" time="0.304" /><testcase classname="backend.tests.test_mealplan_sidedishes.TestMealPlanSideDishes" name="test_07_add_new_sidedish_to_existing_meal" time="0.299" /><testcase classname="backend.tests.test_mealplan_sidedishes.TestRecipesForMealPlan" name="test_recipes_exist" time="0.186" /></testsuite></testsuites>