<?xml version="1.0" encoding="utf-8"?><testsuites name="pytest tests"><testsuite name="pytest" errors="0" failures="0" skipped="0" tests="16" time="2.248" timestamp="2026-04-26T20:42:56.937177+00:00" hostname="agent-env-905f13d3-ce96-485e-8400-12b2984dab01"><testcase classname="backend.tests.test_admin.TestAdminAuth" name="test_admin_users_returns_403_for_non_admin" time="0.341" /><testcase classname="backend.tests.test_admin.TestAdminAuth" name="test_admin_users_returns_list_for_admin" time="0.210" /><testcase classname="backend.tests.test_admin.TestAdminUsersList" name="test_users_list_includes_counts" time="0.227" /><testcase classname="backend.tests.test_admin.TestAdminUsersList" name="test_users_list_excludes_password_hash" time="0.053" /><testcase classname="backend.tests.test_admin.TestAdminUserDetail" name="test_user_data_returns_all_sections" time="0.249" /><testcase classname="backend.tests.test_admin.TestAdminUserDetail" name="test_user_data_404_for_invalid_user" time="0.045" /><testcase classname="backend.tests.test_admin.TestAdminExport" name="test_export_returns_zip" time="0.237" /><testcase classname="backend.tests.test_admin.TestAdminExport" name="test_export_contains_collections" time="0.053" /><testcase classname="backend.tests.test_admin.TestAdminExport" name="test_export_excludes_password_hashes" time="0.051" /><testcase classname="backend.tests.test_admin.TestAdminImport" name="test_import_rejects_invalid_file" time="0.223" /><testcase classname="backend.tests.test_admin.TestAdminImport" name="test_import_merge_mode" time="0.056" /><testcase classname="backend.tests.test_admin.TestAdminImport" name="test_import_overwrite_mode_accepted" time="0.052" /><testcase classname="backend.tests.test_admin.TestAdminNonAdminAccess" name="test_non_admin_blocked_from_users_list" time="0.199" /><testcase classname="backend.tests.test_admin.TestAdminNonAdminAccess" name="test_non_admin_blocked_from_user_data" time="0.056" /><testcase classname="backend.tests.test_admin.TestAdminNonAdminAccess" name="test_non_admin_blocked_from_export" time="0.055" /><testcase classname="backend.tests.test_admin.TestAdminNonAdminAccess" name="test_non_admin_blocked_from_import" time="0.054" /></testsuite></testsuites>