<?xml version="1.0" encoding="utf-8"?><testsuites name="pytest tests"><testsuite name="pytest" errors="0" failures="0" skipped="0" tests="12" time="4.572" timestamp="2026-04-26T19:04:07.721393+00:00" hostname="agent-env-905f13d3-ce96-485e-8400-12b2984dab01"><testcase classname="backend.tests.test_p2_features.TestP2Features" name="test_list_templates" time="1.312" /><testcase classname="backend.tests.test_p2_features.TestP2Features" name="test_save_template_requires_meal_plan" time="0.224" /><testcase classname="backend.tests.test_p2_features.TestP2Features" name="test_save_template_from_existing_week" time="0.243" /><testcase classname="backend.tests.test_p2_features.TestP2Features" name="test_apply_template" time="0.515" /><testcase classname="backend.tests.test_p2_features.TestP2Features" name="test_delete_template" time="0.386" /><testcase classname="backend.tests.test_p2_features.TestP2Features" name="test_delete_nonexistent_template" time="0.197" /><testcase classname="backend.tests.test_p2_features.TestP2Features" name="test_copy_week" time="0.516" /><testcase classname="backend.tests.test_p2_features.TestP2Features" name="test_copy_week_empty_source" time="0.210" /><testcase classname="backend.tests.test_p2_features.TestP2Features" name="test_nutrition_daily_endpoint" time="0.190" /><testcase classname="backend.tests.test_p2_features.TestP2Features" name="test_nutrition_empty_date" time="0.187" /><testcase classname="backend.tests.test_p2_features.TestP2Features" name="test_nutrition_structure" time="0.233" /><testcase classname="backend.tests.test_p2_features.TestRecipePrintEndpoint" name="test_get_recipe_for_print" time="0.284" /></testsuite></testsuites>