<?xml version="1.0" encoding="utf-8"?><testsuites name="pytest tests"><testsuite name="pytest" errors="0" failures="0" skipped="0" tests="14" time="1.993" timestamp="2026-03-24T11:18:40.440322+00:00" hostname="agent-env-44435529-48f6-4cf0-ac15-7a529004057b"><testcase classname="backend.tests.test_notifications.TestNotificationEndpoints" name="test_01_get_vapid_public_key" time="0.130" /><testcase classname="backend.tests.test_notifications.TestNotificationEndpoints" name="test_02_get_notification_status_initial" time="0.117" /><testcase classname="backend.tests.test_notifications.TestNotificationEndpoints" name="test_03_get_notification_preferences" time="0.104" /><testcase classname="backend.tests.test_notifications.TestNotificationEndpoints" name="test_04_subscribe_push_notification" time="0.129" /><testcase classname="backend.tests.test_notifications.TestNotificationEndpoints" name="test_05_get_notification_status_after_subscribe" time="0.158" /><testcase classname="backend.tests.test_notifications.TestNotificationEndpoints" name="test_06_update_notification_preferences" time="0.149" /><testcase classname="backend.tests.test_notifications.TestNotificationEndpoints" name="test_07_test_notification_no_subscription" time="0.144" /><testcase classname="backend.tests.test_notifications.TestNotificationEndpoints" name="test_08_unsubscribe_push_notification" time="0.184" /><testcase classname="backend.tests.test_notifications.TestNotificationEndpoints" name="test_09_unsubscribe_all" time="0.249" /><testcase classname="backend.tests.test_notifications.TestNotificationEndpoints" name="test_10_restore_default_preferences" time="0.105" /><testcase classname="backend.tests.test_notifications.TestMealPlanInstantNotification" name="test_11_mealplan_save_with_new_meal" time="0.143" /><testcase classname="backend.tests.test_notifications.TestAuthRequiredEndpoints" name="test_12_subscribe_requires_auth" time="0.101" /><testcase classname="backend.tests.test_notifications.TestAuthRequiredEndpoints" name="test_13_preferences_requires_auth" time="0.107" /><testcase classname="backend.tests.test_notifications.TestAuthRequiredEndpoints" name="test_14_status_requires_auth" time="0.098" /></testsuite></testsuites>