<?xml version="1.0" encoding="utf-8"?><testsuites name="pytest tests"><testsuite name="pytest" errors="0" failures="0" skipped="0" tests="11" time="3.510" timestamp="2026-03-24T15:38:29.380043+00:00" hostname="agent-env-44435529-48f6-4cf0-ac15-7a529004057b"><testcase classname="backend.tests.test_staple_items.TestStapleItemsCRUD" name="test_get_staple_items_returns_list_and_categories" time="0.271" /><testcase classname="backend.tests.test_staple_items.TestStapleItemsCRUD" name="test_create_staple_item" time="0.299" /><testcase classname="backend.tests.test_staple_items.TestStapleItemsCRUD" name="test_update_staple_item" time="0.283" /><testcase classname="backend.tests.test_staple_items.TestStapleItemsCRUD" name="test_toggle_active_flag" time="0.390" /><testcase classname="backend.tests.test_staple_items.TestStapleItemsCRUD" name="test_delete_staple_item" time="0.292" /><testcase classname="backend.tests.test_staple_items.TestStapleItemsCRUD" name="test_delete_nonexistent_item_returns_404" time="0.195" /><testcase classname="backend.tests.test_staple_items.TestShoppingListWithStapleItems" name="test_shopping_list_includes_staple_items_array" time="0.202" /><testcase classname="backend.tests.test_staple_items.TestShoppingListWithStapleItems" name="test_only_active_staple_items_in_shopping_list" time="0.457" /><testcase classname="backend.tests.test_staple_items.TestShoppingListWithStapleItems" name="test_deactivating_item_removes_from_shopping_list" time="0.569" /><testcase classname="backend.tests.test_staple_items.TestShoppingListWithStapleItems" name="test_staple_item_structure_in_shopping_list" time="0.295" /><testcase classname="backend.tests.test_staple_items.TestExistingStapleItems" name="test_existing_staple_items_present" time="0.193" /></testsuite></testsuites>