<?xml version="1.0" encoding="utf-8"?><testsuites name="pytest tests"><testsuite name="pytest" errors="0" failures="0" skipped="0" tests="14" time="9.464" timestamp="2026-04-27T12:49:56.578158+00:00" hostname="agent-env-905f13d3-ce96-485e-8400-12b2984dab01"><testcase classname="backend.tests.test_iteration10.TestAdminAccessControl" name="test_admin_users_returns_403_for_non_admin" time="0.271" /><testcase classname="backend.tests.test_iteration10.TestAdminAccessControl" name="test_admin_users_returns_200_for_admin" time="0.239" /><testcase classname="backend.tests.test_iteration10.TestAdminAccessControl" name="test_admin_export_returns_403_for_non_admin" time="0.232" /><testcase classname="backend.tests.test_iteration10.TestAdminAccessControl" name="test_admin_export_returns_zip_for_admin" time="0.224" /><testcase classname="backend.tests.test_iteration10.TestClipboardImport" name="test_clipboard_import_requires_auth" time="0.120" /><testcase classname="backend.tests.test_iteration10.TestClipboardImport" name="test_clipboard_import_rejects_short_text" time="0.221" /><testcase classname="backend.tests.test_iteration10.TestClipboardImport" name="test_clipboard_import_parses_recipe_text" time="5.445" /><testcase classname="backend.tests.test_iteration10.TestURLImport" name="test_url_import_requires_auth" time="0.121" /><testcase classname="backend.tests.test_iteration10.TestURLImport" name="test_url_import_eatsmarter" time="0.717" /><testcase classname="backend.tests.test_iteration10.TestURLImport" name="test_url_import_chefkoch" time="0.928" /><testcase classname="backend.tests.test_iteration10.TestAdminRouterRefactoring" name="test_admin_users_endpoint_exists" time="0.211" /><testcase classname="backend.tests.test_iteration10.TestAdminRouterRefactoring" name="test_admin_user_data_endpoint_exists" time="0.256" /><testcase classname="backend.tests.test_iteration10.TestAdminRouterRefactoring" name="test_admin_export_endpoint_exists" time="0.200" /><testcase classname="backend.tests.test_iteration10.TestAdminRouterRefactoring" name="test_admin_import_upload_endpoint_exists" time="0.215" /></testsuite></testsuites>